#*****************************************************************************     
 # Diet Plot
Diet Plot1
Diet Plot2
#*****************************************************************************     
 # Merging Time Series With Different Dates
stocks and bonds
                    SP500  US10Y
observation_date                
2007-06-11        1509.12   5.14
2007-06-12        1493.00   5.26
2007-06-13        1515.67   5.20
2007-06-14        1522.97   5.23
2007-06-15        1532.91   5.16
#*****************************************************************************     
 # Correlation of Stocks and Bonds
                     SP500     US10Y
observation_date                    
2007-06-11             NaN       NaN
2007-06-12       -0.010682  0.023346
2007-06-13        0.015184 -0.011407
2007-06-14        0.004816  0.005769
2007-06-15        0.006527 -0.013384
Correlation of stocks and interest rates:  0.411944888625
#*****************************************************************************     
 # Looking at a Regression's R-Squared
The correlation between x and y is -0.91


Summary resuts between x and y

                            OLS Regression Results                            
==============================================================================
Dep. Variable:                      y   R-squared:                       0.821
Model:                            OLS   Adj. R-squared:                  0.821
Method:                 Least Squares   F-statistic:                     4568.
Date:                Sun, 08 Jul 2018   Prob (F-statistic):               0.00
Time:                        22:46:31   Log-Likelihood:                -557.82
No. Observations:                1000   AIC:                             1120.
Df Residuals:                     998   BIC:                             1129.
Df Model:                           1                                         
Covariance Type:            nonrobust                                         
==============================================================================
                 coef    std err          t      P>|t|      [0.025      0.975]
------------------------------------------------------------------------------
Intercept      0.0275      0.013      2.052      0.040       0.001       0.054
x             -0.9103      0.013    -67.586      0.000      -0.937      -0.884
==============================================================================
Omnibus:                        2.070   Durbin-Watson:                   1.962
Prob(Omnibus):                  0.355   Jarque-Bera (JB):                2.112
Skew:                          -0.109   Prob(JB):                        0.348
Kurtosis:                       2.947   Cond. No.                         1.01
==============================================================================


#*****************************************************************************     
 # A Popular Strategy Using Autocorrelation
The autocorrelation of weekly returns is -0.16
#*****************************************************************************     
 # Interest Rates Autocorrelation
            US10Y  change_rates
DATE                           
1962-01-03   4.03         -0.03
1962-01-04   3.99         -0.04
1962-01-05   4.02          0.03
1962-01-08   4.03          0.01
1962-01-09   4.05          0.02
1962-01-10   4.07          0.02
1962-01-11   4.08          0.01
1962-01-12   4.08          0.00
1962-01-15   4.10          0.02
1962-01-16   4.13          0.03
1962-01-17   4.12         -0.01
1962-01-18   4.11         -0.01
1962-01-19   4.11          0.00
1962-01-22   4.09         -0.02
1962-01-23   4.11          0.02
1962-01-24   4.10         -0.01
1962-01-25   4.11          0.01
1962-01-26   4.11          0.00
1962-01-29   4.12          0.01
1962-01-30   4.11         -0.01
1962-01-31   4.10         -0.01
The autocorrelation of daily interest rate changes is 0.07
The autocorrelation of annual interest rate changes is -0.22
