**************Customer data analysis*****************
Subset of data
   State  Area Code     Phone Int'l Plan VMail Plan  Day Mins  Day Charge  Eve Mins  Eve Calls  Eve Charge  Night Mins  Night Calls  Night Charge  Intl Mins  Intl Calls  Intl Charge  CustServ Calls  Churn?
0    KS        415  382-4657         no        yes     265.1       45.07     197.4         99       16.78       244.7           91         11.01       10.0           3         2.70               1  False.
1    OH        415  371-7191         no        yes     161.6       27.47     195.5        103       16.62       254.4          103         11.45       13.7           3         3.70               1  False.
2    NJ        415  358-1921         no         no     243.4       41.38     121.2        110       10.30       162.6          104          7.32       12.2           5         3.29               0  False.
3    OH        408  375-9999        yes         no     299.4       50.90      61.9         88        5.26       196.9           89          8.86        6.6           7         1.78               2  False.
4    OK        415  330-6626        yes         no     166.7       28.34     148.3        122       12.61       186.9          121          8.41       10.1           3         2.73               3  False. 


Selecting first 9 rows: 
   State  Area Code     Phone Int'l Plan VMail Plan  Day Mins  Day Charge  Eve Mins  Eve Calls  Eve Charge  Night Mins  Night Calls  Night Charge  Intl Mins  Intl Calls  Intl Charge  CustServ Calls  Churn?
1    OH        415  371-7191         no        yes     161.6       27.47     195.5        103       16.62       254.4          103         11.45       13.7           3         3.70               1  False.
2    NJ        415  358-1921         no         no     243.4       41.38     121.2        110       10.30       162.6          104          7.32       12.2           5         3.29               0  False.
3    OH        408  375-9999        yes         no     299.4       50.90      61.9         88        5.26       196.9           89          8.86        6.6           7         1.78               2  False.
4    OK        415  330-6626        yes         no     166.7       28.34     148.3        122       12.61       186.9          121          8.41       10.1           3         2.73               3  False.
5    AL        510  391-8027        yes         no     223.4       37.98     220.6        101       18.75       203.9          118          9.18        6.3           6         1.70               0  False.
6    MA        510  355-9993         no        yes     218.2       37.09     348.5        108       29.62       212.6          118          9.57        7.5           7         2.03               3  False.
7    MO        415  329-9001        yes         no     157.0       26.69     103.1         94        8.76       211.8           96          9.53        7.1           6         1.92               0  False.
8    LA        408  335-4719         no         no     184.5       31.37     351.6         80       29.89       215.8           90          9.71        8.7           4         2.35               1  False.
9    WV        415  330-8173        yes        yes     258.6       43.96     222.0        111       18.87       326.4           97         14.69       11.2           5         3.02               0  False. 


Selecting only required columns: 
    Intl Mins  Intl Calls  Intl Charge
0       10.0           3         2.70
1       13.7           3         3.70
2       12.2           5         3.29
3        6.6           7         1.78
4       10.1           3         2.73 


Subsetting only 2nd to 4th row and only selected columns:
    Area Code     Phone Int'l Plan VMail Plan
2        415  358-1921         no         no
3        408  375-9999        yes         no
4        415  330-6626        yes         no 


From first 1000 rows filter state = "OH" and Area code = "415"
     State  Area Code     Phone Int'l Plan VMail Plan  Day Mins  Day Charge  Eve Mins  Eve Calls  Eve Charge  Night Mins  Night Calls  Night Charge  Intl Mins  Intl Calls  Intl Charge  CustServ Calls  Churn?
1      OH        415  371-7191         no        yes     161.6       27.47     195.5        103       16.62       254.4          103         11.45       13.7           3         3.70               1  False.
156    OH        415  370-9116         no         no     337.4       57.36     227.4        116       19.33       153.9          114          6.93       15.8           7         4.27               0   True.
231    OH        415  410-3719        yes        yes     199.0       33.83     291.3        111       24.76       197.6           92          8.89       11.0           6         2.97               1  False.
362    OH        415  421-9752         no        yes     141.7       24.09     232.3        113       19.75       222.1          131          9.99       12.0           5         3.24               1  False.
404    OH        415  338-4065         no         no     183.4       31.18     242.0        115       20.57       201.4          100          9.06        7.5           3         2.03               4  False.
462    OH        415  392-3813         no        yes     106.4       18.09     108.1        113        9.19       208.4          111          9.38       10.1           5         2.73               1  False.
506    OH        415  407-2248         no        yes     143.1       24.33     236.6         65       20.11       227.8          120         10.25       11.4           5         3.08               2  False.
866    OH        415  385-7922         no        yes     220.1       37.42     268.2        133       22.80       146.5           80          6.59       11.1           3         3.00               0  False.
930    OH        415  336-5661         no         no     136.7       23.24     228.6        105       19.43       265.3          114         11.94        9.8           4         2.65               0  False. 


Adding column "Total Mins=Day+Eve+Night Mins"
     State  Area Code     Phone Int'l Plan VMail Plan  Day Mins  Day Charge  Eve Mins  Eve Calls  Eve Charge  Night Mins  Night Calls  Night Charge  Intl Mins  Intl Calls  Intl Charge  CustServ Calls  Churn?  beta  kappa  Total Mins
1      OH        415  371-7191         no        yes     161.6       27.47     195.5        103       16.62       254.4          103         11.45       13.7           3         3.70               1  False.     0    0.0       611.5
156    OH        415  370-9116         no         no     337.4       57.36     227.4        116       19.33       153.9          114          6.93       15.8           7         4.27               0   True.     0    0.0       718.7
231    OH        415  410-3719        yes        yes     199.0       33.83     291.3        111       24.76       197.6           92          8.89       11.0           6         2.97               1  False.    50    NaN       687.9
362    OH        415  421-9752         no        yes     141.7       24.09     232.3        113       19.75       222.1          131          9.99       12.0           5         3.24               1  False.    60    0.0       596.1
404    OH        415  338-4065         no         no     183.4       31.18     242.0        115       20.57       201.4          100          9.06        7.5           3         2.03               4  False.    70    NaN       626.8
462    OH        415  392-3813         no        yes     106.4       18.09     108.1        113        9.19       208.4          111          9.38       10.1           5         2.73               1  False.    80    0.0       422.9
506    OH        415  407-2248         no        yes     143.1       24.33     236.6         65       20.11       227.8          120         10.25       11.4           5         3.08               2  False.   100    0.0       607.5
866    OH        415  385-7922         no        yes     220.1       37.42     268.2        133       22.80       146.5           80          6.59       11.1           3         3.00               0  False.   150    0.0       634.8
930    OH        415  336-5661         no         no     136.7       23.24     228.6        105       19.43       265.3          114         11.94        9.8           4         2.65               0  False.   170    0.0       630.6 


Added +5 to beta where "Intl calls" is 5 
     State  Area Code     Phone Int'l Plan VMail Plan  Day Mins  Day Charge  Eve Mins  Eve Calls  Eve Charge  Night Mins  Night Calls  Night Charge  Intl Mins  Intl Calls  Intl Charge  CustServ Calls  Churn?  beta  kappa  Total Mins
1      OH        415  371-7191         no        yes     161.6       27.47     195.5        103       16.62       254.4          103         11.45       13.7           3         3.70               1  False.     0    0.0       611.5
156    OH        415  370-9116         no         no     337.4       57.36     227.4        116       19.33       153.9          114          6.93       15.8           7         4.27               0   True.     0    0.0       718.7
231    OH        415  410-3719        yes        yes     199.0       33.83     291.3        111       24.76       197.6           92          8.89       11.0           6         2.97               1  False.    50    NaN       687.9
362    OH        415  421-9752         no        yes     141.7       24.09     232.3        113       19.75       222.1          131          9.99       12.0           5         3.24               1  False.    65    0.0       596.1
404    OH        415  338-4065         no         no     183.4       31.18     242.0        115       20.57       201.4          100          9.06        7.5           3         2.03               4  False.    70    NaN       626.8
462    OH        415  392-3813         no        yes     106.4       18.09     108.1        113        9.19       208.4          111          9.38       10.1           5         2.73               1  False.    85    0.0       422.9
506    OH        415  407-2248         no        yes     143.1       24.33     236.6         65       20.11       227.8          120         10.25       11.4           5         3.08               2  False.   105    0.0       607.5
866    OH        415  385-7922         no        yes     220.1       37.42     268.2        133       22.80       146.5           80          6.59       11.1           3         3.00               0  False.   150    0.0       634.8
930    OH        415  336-5661         no         no     136.7       23.24     228.6        105       19.43       265.3          114         11.94        9.8           4         2.65               0  False.   170    0.0       630.6
